<?xml version="1.0" encoding="UTF-8"?>
<testng-results skipped="0" failed="0" ignored="0" total="1" passed="1">
  <reporter-output>
  </reporter-output>
  <suite name="Default suite" duration-ms="9088" started-at="2019-03-07T10:16:20Z" finished-at="2019-03-07T10:16:29Z">
    <groups>
    </groups>
    <test name="Default test" duration-ms="9088" started-at="2019-03-07T10:16:20Z" finished-at="2019-03-07T10:16:29Z">
      <class name="Sanity.Sanity.LoginTest">
        <test-method status="PASS" signature="initialize()[pri:0, instance:Sanity.Sanity.LoginTest@69fb6037]" name="initialize" is-config="true" duration-ms="2766" started-at="2019-03-07T10:16:20Z" finished-at="2019-03-07T10:16:23Z">
          <reporter-output>
          </reporter-output>
        </test-method> <!-- initialize -->
        <test-method status="PASS" signature="log__in()[pri:0, instance:Sanity.Sanity.LoginTest@69fb6037]" name="log__in" duration-ms="6312" started-at="2019-03-07T10:16:23Z" finished-at="2019-03-07T10:16:29Z">
          <reporter-output>
          </reporter-output>
        </test-method> <!-- log__in -->
      </class> <!-- Sanity.Sanity.LoginTest -->
    </test> <!-- Default test -->
  </suite> <!-- Default suite -->
</testng-results>
